{"level":"info","message":"Hello from Acquisitions API!","service":"acquisitions-api","timestamp":"2026-02-27T09:01:37.524Z"}
{"level":"info","message":"Hello from Acquisitions API!","service":"acquisitions-api","timestamp":"2026-02-27T09:06:24.974Z"}
{"level":"info","message":"Hello from Acquisitions API!","service":"acquisitions-api","timestamp":"2026-02-27T09:06:30.013Z"}
{"level":"info","message":"Hello from Acquisitions API!","service":"acquisitions-api","timestamp":"2026-02-27T09:09:05.486Z"}
{"level":"info","message":"::1 - - [27/Feb/2026:09:09:05 +0000] \"GET / HTTP/1.1\" 304 - \"-\" \"Mozilla/5.0 (Macintosh; Intel Mac OS X 10_15_7) AppleWebKit/537.36 (KHTML, like Gecko) Chrome/145.0.0.0 Safari/537.36\"","service":"acquisitions-api","timestamp":"2026-02-27T09:09:05.492Z"}
{"level":"info","message":"Hello from Acquisitions API!","service":"acquisitions-api","timestamp":"2026-02-27T09:41:46.606Z"}
{"level":"info","message":"::1 - - [27/Feb/2026:09:41:46 +0000] \"GET / HTTP/1.1\" 304 - \"-\" \"Mozilla/5.0 (Macintosh; Intel Mac OS X 10_15_7) AppleWebKit/537.36 (KHTML, like Gecko) Chrome/145.0.0.0 Safari/537.36\"","service":"acquisitions-api","timestamp":"2026-02-27T09:41:46.615Z"}
{"level":"info","message":"Hello from Acquisitions API!","service":"acquisitions-api","timestamp":"2026-02-27T09:50:21.441Z"}
{"level":"info","message":"::1 - - [27/Feb/2026:09:50:21 +0000] \"GET / HTTP/1.1\" 200 13 \"-\" \"PostmanRuntime/7.51.0\"","service":"acquisitions-api","timestamp":"2026-02-27T09:50:21.448Z"}
{"level":"info","message":"::1 - - [27/Feb/2026:09:50:32 +0000] \"GET /api HTTP/1.1\" 200 46 \"-\" \"PostmanRuntime/7.51.0\"","service":"acquisitions-api","timestamp":"2026-02-27T09:50:32.877Z"}
{"level":"info","message":"::1 - - [27/Feb/2026:09:50:39 +0000] \"GET /health HTTP/1.1\" 200 77 \"-\" \"PostmanRuntime/7.51.0\"","service":"acquisitions-api","timestamp":"2026-02-27T09:50:39.418Z"}
{"level":"info","message":"::1 - - [27/Feb/2026:09:50:45 +0000] \"GET /health HTTP/1.1\" 200 77 \"-\" \"PostmanRuntime/7.51.0\"","service":"acquisitions-api","timestamp":"2026-02-27T09:50:45.674Z"}
{"level":"info","message":"::1 - - [27/Feb/2026:09:50:47 +0000] \"GET /health HTTP/1.1\" 200 76 \"-\" \"PostmanRuntime/7.51.0\"","service":"acquisitions-api","timestamp":"2026-02-27T09:50:47.100Z"}
{"level":"info","message":"::1 - - [27/Feb/2026:09:50:47 +0000] \"GET /health HTTP/1.1\" 200 77 \"-\" \"PostmanRuntime/7.51.0\"","service":"acquisitions-api","timestamp":"2026-02-27T09:50:47.903Z"}
{"level":"info","message":"::1 - - [27/Feb/2026:09:51:35 +0000] \"POST /api/auth/sign-in HTTP/1.1\" 200 30 \"-\" \"PostmanRuntime/7.51.0\"","service":"acquisitions-api","timestamp":"2026-02-27T09:51:35.041Z"}
{"level":"info","message":"::1 - - [27/Feb/2026:09:51:41 +0000] \"POST /api/auth/sign-up HTTP/1.1\" 200 30 \"-\" \"PostmanRuntime/7.51.0\"","service":"acquisitions-api","timestamp":"2026-02-27T09:51:41.974Z"}
{"level":"info","message":"::1 - - [27/Feb/2026:10:38:50 +0000] \"POST /api/auth/sign-up HTTP/1.1\" 400 92 \"-\" \"PostmanRuntime/7.51.1\"","service":"acquisitions-api","timestamp":"2026-02-27T10:38:50.168Z"}
{"level":"info","message":"::1 - - [27/Feb/2026:10:41:40 +0000] \"POST /api/auth/sign-up HTTP/1.1\" 400 89 \"-\" \"PostmanRuntime/7.51.1\"","service":"acquisitions-api","timestamp":"2026-02-27T10:41:40.879Z"}
{"level":"info","message":"User Registered successfully: janu@gmail.com with role user","service":"acquisitions-api","timestamp":"2026-02-27T10:41:48.582Z"}
{"level":"info","message":"::1 - - [27/Feb/2026:10:41:48 +0000] \"POST /api/auth/sign-up HTTP/1.1\" 201 42 \"-\" \"PostmanRuntime/7.51.1\"","service":"acquisitions-api","timestamp":"2026-02-27T10:41:48.583Z"}
{"level":"info","message":"::1 - - [27/Feb/2026:10:58:56 +0000] \"POST /api/auth/sign-up HTTP/1.1\" 400 91 \"-\" \"PostmanRuntime/7.51.1\"","service":"acquisitions-api","timestamp":"2026-02-27T10:58:56.089Z"}
{"level":"error","message":"Error creating user: db.select(...).from(...).where(...).first is not a function","service":"acquisitions-api","stack":"TypeError: db.select(...).from(...).where(...).first is not a function\n    at createUser (file:///Users/janagiramkumar/Desktop/acquisitions/src/services/auth.service.js:22:8)\n    at signup (file:///Users/janagiramkumar/Desktop/acquisitions/src/controllers/auth.controller.js:19:24)\n    at Layer.handleRequest (/Users/janagiramkumar/Desktop/acquisitions/node_modules/router/lib/layer.js:152:17)\n    at next (/Users/janagiramkumar/Desktop/acquisitions/node_modules/router/lib/route.js:157:13)\n    at Route.dispatch (/Users/janagiramkumar/Desktop/acquisitions/node_modules/router/lib/route.js:117:3)\n    at handle (/Users/janagiramkumar/Desktop/acquisitions/node_modules/router/index.js:435:11)\n    at Layer.handleRequest (/Users/janagiramkumar/Desktop/acquisitions/node_modules/router/lib/layer.js:152:17)\n    at /Users/janagiramkumar/Desktop/acquisitions/node_modules/router/index.js:295:15\n    at processParams (/Users/janagiramkumar/Desktop/acquisitions/node_modules/router/index.js:582:12)\n    at next (/Users/janagiramkumar/Desktop/acquisitions/node_modules/router/index.js:291:5)","timestamp":"2026-02-27T10:59:05.850Z"}
{"cause":{},"level":"error","message":"Error in signup controller: Failed to create user","service":"acquisitions-api","stack":"Error: Failed to create user\n    at createUser (file:///Users/janagiramkumar/Desktop/acquisitions/src/services/auth.service.js:48:11)\n    at signup (file:///Users/janagiramkumar/Desktop/acquisitions/src/controllers/auth.controller.js:19:24)\n    at Layer.handleRequest (/Users/janagiramkumar/Desktop/acquisitions/node_modules/router/lib/layer.js:152:17)\n    at next (/Users/janagiramkumar/Desktop/acquisitions/node_modules/router/lib/route.js:157:13)\n    at Route.dispatch (/Users/janagiramkumar/Desktop/acquisitions/node_modules/router/lib/route.js:117:3)\n    at handle (/Users/janagiramkumar/Desktop/acquisitions/node_modules/router/index.js:435:11)\n    at Layer.handleRequest (/Users/janagiramkumar/Desktop/acquisitions/node_modules/router/lib/layer.js:152:17)\n    at /Users/janagiramkumar/Desktop/acquisitions/node_modules/router/index.js:295:15\n    at processParams (/Users/janagiramkumar/Desktop/acquisitions/node_modules/router/index.js:582:12)\n    at next (/Users/janagiramkumar/Desktop/acquisitions/node_modules/router/index.js:291:5)","timestamp":"2026-02-27T10:59:05.852Z"}
{"level":"info","message":"::1 - - [27/Feb/2026:10:59:05 +0000] \"POST /api/auth/sign-up HTTP/1.1\" 500 1299 \"-\" \"PostmanRuntime/7.51.1\"","service":"acquisitions-api","timestamp":"2026-02-27T10:59:05.853Z"}
{"level":"error","message":"Error creating user: db.select(...).from(...).where(...).first is not a function","service":"acquisitions-api","stack":"TypeError: db.select(...).from(...).where(...).first is not a function\n    at createUser (file:///Users/janagiramkumar/Desktop/acquisitions/src/services/auth.service.js:22:8)\n    at signup (file:///Users/janagiramkumar/Desktop/acquisitions/src/controllers/auth.controller.js:19:24)\n    at Layer.handleRequest (/Users/janagiramkumar/Desktop/acquisitions/node_modules/router/lib/layer.js:152:17)\n    at next (/Users/janagiramkumar/Desktop/acquisitions/node_modules/router/lib/route.js:157:13)\n    at Route.dispatch (/Users/janagiramkumar/Desktop/acquisitions/node_modules/router/lib/route.js:117:3)\n    at handle (/Users/janagiramkumar/Desktop/acquisitions/node_modules/router/index.js:435:11)\n    at Layer.handleRequest (/Users/janagiramkumar/Desktop/acquisitions/node_modules/router/lib/layer.js:152:17)\n    at /Users/janagiramkumar/Desktop/acquisitions/node_modules/router/index.js:295:15\n    at processParams (/Users/janagiramkumar/Desktop/acquisitions/node_modules/router/index.js:582:12)\n    at next (/Users/janagiramkumar/Desktop/acquisitions/node_modules/router/index.js:291:5)","timestamp":"2026-02-27T11:01:01.357Z"}
{"cause":{},"level":"error","message":"Error in signup controller: Failed to create user","service":"acquisitions-api","stack":"Error: Failed to create user\n    at createUser (file:///Users/janagiramkumar/Desktop/acquisitions/src/services/auth.service.js:48:11)\n    at signup (file:///Users/janagiramkumar/Desktop/acquisitions/src/controllers/auth.controller.js:19:24)\n    at Layer.handleRequest (/Users/janagiramkumar/Desktop/acquisitions/node_modules/router/lib/layer.js:152:17)\n    at next (/Users/janagiramkumar/Desktop/acquisitions/node_modules/router/lib/route.js:157:13)\n    at Route.dispatch (/Users/janagiramkumar/Desktop/acquisitions/node_modules/router/lib/route.js:117:3)\n    at handle (/Users/janagiramkumar/Desktop/acquisitions/node_modules/router/index.js:435:11)\n    at Layer.handleRequest (/Users/janagiramkumar/Desktop/acquisitions/node_modules/router/lib/layer.js:152:17)\n    at /Users/janagiramkumar/Desktop/acquisitions/node_modules/router/index.js:295:15\n    at processParams (/Users/janagiramkumar/Desktop/acquisitions/node_modules/router/index.js:582:12)\n    at next (/Users/janagiramkumar/Desktop/acquisitions/node_modules/router/index.js:291:5)","timestamp":"2026-02-27T11:01:01.360Z"}
{"level":"info","message":"::1 - - [27/Feb/2026:11:01:01 +0000] \"POST /api/auth/sign-up HTTP/1.1\" 500 1299 \"-\" \"PostmanRuntime/7.51.1\"","service":"acquisitions-api","timestamp":"2026-02-27T11:01:01.363Z"}
{"level":"info","message":"User created successfully: janu@gmail.com with role user","service":"acquisitions-api","timestamp":"2026-02-27T11:02:27.613Z"}
{"level":"error","message":"Error signing JWT token: secretOrPrivateKey must have a value","service":"acquisitions-api","stack":"Error: secretOrPrivateKey must have a value\n    at module.exports [as sign] (/Users/janagiramkumar/Desktop/acquisitions/node_modules/jsonwebtoken/sign.js:111:20)\n    at Object.sign (file:///Users/janagiramkumar/Desktop/acquisitions/src/utils/jwt.js:10:18)\n    at signup (file:///Users/janagiramkumar/Desktop/acquisitions/src/controllers/auth.controller.js:20:28)\n    at process.processTicksAndRejections (node:internal/process/task_queues:105:5)","timestamp":"2026-02-27T11:02:27.621Z"}
{"cause":{},"level":"error","message":"Error in signup controller: Failed to sign JWT token","service":"acquisitions-api","stack":"Error: Failed to sign JWT token\n    at Object.sign (file:///Users/janagiramkumar/Desktop/acquisitions/src/utils/jwt.js:13:13)\n    at signup (file:///Users/janagiramkumar/Desktop/acquisitions/src/controllers/auth.controller.js:20:28)\n    at process.processTicksAndRejections (node:internal/process/task_queues:105:5)","timestamp":"2026-02-27T11:02:27.622Z"}
{"level":"info","message":"::1 - - [27/Feb/2026:11:02:27 +0000] \"POST /api/auth/sign-up HTTP/1.1\" 500 481 \"-\" \"PostmanRuntime/7.51.1\"","service":"acquisitions-api","timestamp":"2026-02-27T11:02:27.628Z"}
{"level":"error","message":"Error creating user: User with this email already exists","service":"acquisitions-api","stack":"Error: User with this email already exists\n    at createUser (file:///Users/janagiramkumar/Desktop/acquisitions/src/services/auth.service.js:24:13)\n    at process.processTicksAndRejections (node:internal/process/task_queues:105:5)\n    at async signup (file:///Users/janagiramkumar/Desktop/acquisitions/src/controllers/auth.controller.js:19:18)","timestamp":"2026-02-27T11:03:28.412Z"}
{"cause":{},"level":"error","message":"Error in signup controller: Failed to create user","service":"acquisitions-api","stack":"Error: Failed to create user\n    at createUser (file:///Users/janagiramkumar/Desktop/acquisitions/src/services/auth.service.js:48:11)\n    at process.processTicksAndRejections (node:internal/process/task_queues:105:5)\n    at async signup (file:///Users/janagiramkumar/Desktop/acquisitions/src/controllers/auth.controller.js:19:18)","timestamp":"2026-02-27T11:03:28.414Z"}
{"level":"info","message":"::1 - - [27/Feb/2026:11:03:28 +0000] \"POST /api/auth/sign-up HTTP/1.1\" 500 495 \"-\" \"PostmanRuntime/7.51.1\"","service":"acquisitions-api","timestamp":"2026-02-27T11:03:28.419Z"}
{"level":"error","message":"Error creating user: User with this email already exists","service":"acquisitions-api","stack":"Error: User with this email already exists\n    at createUser (file:///Users/janagiramkumar/Desktop/acquisitions/src/services/auth.service.js:24:13)\n    at process.processTicksAndRejections (node:internal/process/task_queues:105:5)\n    at async signup (file:///Users/janagiramkumar/Desktop/acquisitions/src/controllers/auth.controller.js:19:18)","timestamp":"2026-02-27T11:04:06.335Z"}
{"cause":{},"level":"error","message":"Error in signup controller: Failed to create user","service":"acquisitions-api","stack":"Error: Failed to create user\n    at createUser (file:///Users/janagiramkumar/Desktop/acquisitions/src/services/auth.service.js:48:11)\n    at process.processTicksAndRejections (node:internal/process/task_queues:105:5)\n    at async signup (file:///Users/janagiramkumar/Desktop/acquisitions/src/controllers/auth.controller.js:19:18)","timestamp":"2026-02-27T11:04:06.339Z"}
{"level":"info","message":"::1 - - [27/Feb/2026:11:04:06 +0000] \"POST /api/auth/sign-up HTTP/1.1\" 500 495 \"-\" \"PostmanRuntime/7.51.1\"","service":"acquisitions-api","timestamp":"2026-02-27T11:04:06.344Z"}
{"level":"error","message":"Error creating user: User with this email already exists","service":"acquisitions-api","stack":"Error: User with this email already exists\n    at createUser (file:///Users/janagiramkumar/Desktop/acquisitions/src/services/auth.service.js:24:13)\n    at process.processTicksAndRejections (node:internal/process/task_queues:105:5)\n    at async signup (file:///Users/janagiramkumar/Desktop/acquisitions/src/controllers/auth.controller.js:19:18)","timestamp":"2026-02-27T11:04:52.407Z"}
{"cause":{},"level":"error","message":"Error in signup controller: Failed to create user","service":"acquisitions-api","stack":"Error: Failed to create user\n    at createUser (file:///Users/janagiramkumar/Desktop/acquisitions/src/services/auth.service.js:48:11)\n    at process.processTicksAndRejections (node:internal/process/task_queues:105:5)\n    at async signup (file:///Users/janagiramkumar/Desktop/acquisitions/src/controllers/auth.controller.js:19:18)","timestamp":"2026-02-27T11:04:52.410Z"}
{"level":"info","message":"::1 - - [27/Feb/2026:11:04:52 +0000] \"POST /api/auth/sign-up HTTP/1.1\" 500 495 \"-\" \"PostmanRuntime/7.51.1\"","service":"acquisitions-api","timestamp":"2026-02-27T11:04:52.415Z"}
{"level":"error","message":"Error creating user: err is not defined","service":"acquisitions-api","stack":"ReferenceError: err is not defined\n    at createUser (file:///Users/janagiramkumar/Desktop/acquisitions/src/services/auth.service.js:25:17)\n    at process.processTicksAndRejections (node:internal/process/task_queues:105:5)\n    at async signup (file:///Users/janagiramkumar/Desktop/acquisitions/src/controllers/auth.controller.js:19:18)","timestamp":"2026-02-27T11:06:52.731Z"}
{"cause":{},"level":"error","message":"Error in signup controller: Failed to create user","service":"acquisitions-api","stack":"Error: Failed to create user\n    at createUser (file:///Users/janagiramkumar/Desktop/acquisitions/src/services/auth.service.js:51:11)\n    at process.processTicksAndRejections (node:internal/process/task_queues:105:5)\n    at async signup (file:///Users/janagiramkumar/Desktop/acquisitions/src/controllers/auth.controller.js:19:18)","timestamp":"2026-02-27T11:06:52.735Z"}
{"level":"info","message":"::1 - - [27/Feb/2026:11:06:52 +0000] \"POST /api/auth/sign-up HTTP/1.1\" 500 495 \"-\" \"PostmanRuntime/7.51.1\"","service":"acquisitions-api","timestamp":"2026-02-27T11:06:52.740Z"}
{"level":"info","message":"Hello from Acquisitions API!","service":"acquisitions-api","timestamp":"2026-02-27T11:09:16.020Z"}
{"level":"info","message":"::1 - - [27/Feb/2026:11:09:16 +0000] \"GET / HTTP/1.1\" 304 - \"-\" \"Mozilla/5.0 (Macintosh; Intel Mac OS X 10_15_7) AppleWebKit/537.36 (KHTML, like Gecko) Chrome/145.0.0.0 Safari/537.36\"","service":"acquisitions-api","timestamp":"2026-02-27T11:09:16.026Z"}
{"level":"error","message":"Error creating user: User with this email already exists","service":"acquisitions-api","stack":"Error: User with this email already exists\n    at createUser (file:///Users/janagiramkumar/Desktop/acquisitions/src/services/auth.service.js:24:13)\n    at process.processTicksAndRejections (node:internal/process/task_queues:105:5)\n    at async signup (file:///Users/janagiramkumar/Desktop/acquisitions/src/controllers/auth.controller.js:19:18)","timestamp":"2026-02-27T11:09:22.496Z"}
{"cause":{},"level":"error","message":"Error in signup controller: Failed to create user","service":"acquisitions-api","stack":"Error: Failed to create user\n    at createUser (file:///Users/janagiramkumar/Desktop/acquisitions/src/services/auth.service.js:48:11)\n    at process.processTicksAndRejections (node:internal/process/task_queues:105:5)\n    at async signup (file:///Users/janagiramkumar/Desktop/acquisitions/src/controllers/auth.controller.js:19:18)","timestamp":"2026-02-27T11:09:22.498Z"}
{"level":"info","message":"::1 - - [27/Feb/2026:11:09:22 +0000] \"POST /api/auth/sign-up HTTP/1.1\" 500 495 \"-\" \"PostmanRuntime/7.51.1\"","service":"acquisitions-api","timestamp":"2026-02-27T11:09:22.502Z"}
{"level":"info","message":"User created successfully: janu@gmail.com with role user","service":"acquisitions-api","timestamp":"2026-02-27T11:10:21.416Z"}
{"level":"info","message":"User Registered successfully: janu@gmail.com with role user","service":"acquisitions-api","timestamp":"2026-02-27T11:10:21.421Z"}
{"level":"info","message":"::1 - - [27/Feb/2026:11:10:21 +0000] \"POST /api/auth/sign-up HTTP/1.1\" 201 111 \"-\" \"PostmanRuntime/7.51.1\"","service":"acquisitions-api","timestamp":"2026-02-27T11:10:21.425Z"}
{"level":"info","message":"User authenticated successfully: janu@gmail.com","service":"acquisitions-api","timestamp":"2026-02-27T11:50:54.843Z"}
{"level":"info","message":"User signed in successfully: janu@gmail.com","service":"acquisitions-api","timestamp":"2026-02-27T11:50:54.848Z"}
{"level":"info","message":"::1 - - [27/Feb/2026:11:50:54 +0000] \"POST /api/auth/sign-in HTTP/1.1\" 200 110 \"-\" \"PostmanRuntime/7.51.1\"","service":"acquisitions-api","timestamp":"2026-02-27T11:50:54.851Z"}
{"level":"info","message":"User signed out successfully","service":"acquisitions-api","timestamp":"2026-02-27T11:51:09.143Z"}
{"level":"info","message":"::1 - - [27/Feb/2026:11:51:09 +0000] \"POST /api/auth/sign-out HTTP/1.1\" 200 42 \"-\" \"PostmanRuntime/7.51.1\"","service":"acquisitions-api","timestamp":"2026-02-27T11:51:09.144Z"}
{"level":"info","message":"User signed out successfully","service":"acquisitions-api","timestamp":"2026-02-27T11:51:19.690Z"}
{"level":"info","message":"::1 - - [27/Feb/2026:11:51:19 +0000] \"POST /api/auth/sign-out HTTP/1.1\" 200 42 \"-\" \"PostmanRuntime/7.51.1\"","service":"acquisitions-api","timestamp":"2026-02-27T11:51:19.691Z"}
{"level":"info","message":"User signed out successfully","service":"acquisitions-api","timestamp":"2026-02-27T11:51:20.887Z"}
{"level":"info","message":"::1 - - [27/Feb/2026:11:51:20 +0000] \"POST /api/auth/sign-out HTTP/1.1\" 200 42 \"-\" \"PostmanRuntime/7.51.1\"","service":"acquisitions-api","timestamp":"2026-02-27T11:51:20.888Z"}
{"ip":"::1","level":"warn","message":"Bot request blocked","path":"/health","service":"acquisitions-api","timestamp":"2026-03-01T17:32:21.636Z","userAgent":"PostmanRuntime/7.51.1"}
{"level":"info","message":"::1 - - [01/Mar/2026:17:32:21 +0000] \"GET /health HTTP/1.1\" 200 68 \"-\" \"PostmanRuntime/7.51.1\"","service":"acquisitions-api","timestamp":"2026-03-01T17:32:21.642Z"}
{"ip":"::1","level":"warn","message":"Bot request blocked","path":"/health","service":"acquisitions-api","timestamp":"2026-03-01T17:32:24.615Z","userAgent":"PostmanRuntime/7.51.1"}
{"level":"info","message":"::1 - - [01/Mar/2026:17:32:24 +0000] \"GET /health HTTP/1.1\" 200 68 \"-\" \"PostmanRuntime/7.51.1\"","service":"acquisitions-api","timestamp":"2026-03-01T17:32:24.616Z"}
{"ip":"::1","level":"warn","message":"Bot request blocked","path":"/health","service":"acquisitions-api","timestamp":"2026-03-01T17:33:03.608Z","userAgent":"PostmanRuntime/7.51.1"}
{"level":"info","message":"::1 - - [01/Mar/2026:17:33:03 +0000] \"GET /health HTTP/1.1\" 200 68 \"-\" \"PostmanRuntime/7.51.1\"","service":"acquisitions-api","timestamp":"2026-03-01T17:33:03.610Z"}
{"level":"info","message":"::1 - - [01/Mar/2026:17:33:05 +0000] \"GET /health HTTP/1.1\" - - \"-\" \"PostmanRuntime/7.51.1\"","service":"acquisitions-api","timestamp":"2026-03-01T17:33:05.710Z"}
{"ip":"::1","level":"warn","message":"Bot request blocked","path":"/health","service":"acquisitions-api","timestamp":"2026-03-01T17:33:05.717Z","userAgent":"PostmanRuntime/7.51.1"}
{"ip":"::1","level":"warn","message":"Bot request blocked","path":"/","service":"acquisitions-api","timestamp":"2026-03-01T17:33:49.484Z","userAgent":"PostmanRuntime/7.51.1"}
{"level":"info","message":"Hello from Acquisitions API!","service":"acquisitions-api","timestamp":"2026-03-01T17:33:49.485Z"}
{"level":"info","message":"::1 - - [01/Mar/2026:17:33:49 +0000] \"GET / HTTP/1.1\" 403 68 \"-\" \"PostmanRuntime/7.51.1\"","service":"acquisitions-api","timestamp":"2026-03-01T17:33:49.486Z"}
{"ip":"::1","level":"warn","message":"Bot request blocked","path":"/","service":"acquisitions-api","timestamp":"2026-03-01T17:33:51.493Z","userAgent":"PostmanRuntime/7.51.1"}
{"level":"info","message":"Hello from Acquisitions API!","service":"acquisitions-api","timestamp":"2026-03-01T17:33:51.494Z"}
{"level":"info","message":"::1 - - [01/Mar/2026:17:33:51 +0000] \"GET / HTTP/1.1\" 403 68 \"-\" \"PostmanRuntime/7.51.1\"","service":"acquisitions-api","timestamp":"2026-03-01T17:33:51.494Z"}
{"ip":"::1","level":"warn","message":"Bot request blocked","path":"/api/auth/sign-up","service":"acquisitions-api","timestamp":"2026-03-01T17:34:33.365Z","userAgent":"PostmanRuntime/7.51.1"}
{"code":"ERR_HTTP_HEADERS_SENT","level":"error","message":"Error in signup controller: Cannot set headers after they are sent to the client","service":"acquisitions-api","stack":"Error [ERR_HTTP_HEADERS_SENT]: Cannot set headers after they are sent to the client\n    at ServerResponse.setHeader (node:_http_outgoing:700:11)\n    at ServerResponse.header (/Users/janagiramkumar/Desktop/acquisitions/node_modules/express/lib/response.js:686:10)\n    at ServerResponse.send (/Users/janagiramkumar/Desktop/acquisitions/node_modules/express/lib/response.js:163:12)\n    at ServerResponse.json (/Users/janagiramkumar/Desktop/acquisitions/node_modules/express/lib/response.js:252:15)\n    at signup (file:///Users/janagiramkumar/Desktop/acquisitions/src/controllers/auth.controller.js:12:30)\n    at Layer.handleRequest (/Users/janagiramkumar/Desktop/acquisitions/node_modules/router/lib/layer.js:152:17)\n    at next (/Users/janagiramkumar/Desktop/acquisitions/node_modules/router/lib/route.js:157:13)\n    at Route.dispatch (/Users/janagiramkumar/Desktop/acquisitions/node_modules/router/lib/route.js:117:3)\n    at handle (/Users/janagiramkumar/Desktop/acquisitions/node_modules/router/index.js:435:11)\n    at Layer.handleRequest (/Users/janagiramkumar/Desktop/acquisitions/node_modules/router/lib/layer.js:152:17)","timestamp":"2026-03-01T17:34:33.370Z"}
{"level":"info","message":"::1 - - [01/Mar/2026:17:34:33 +0000] \"POST /api/auth/sign-up HTTP/1.1\" 400 68 \"-\" \"PostmanRuntime/7.51.1\"","service":"acquisitions-api","timestamp":"2026-03-01T17:34:33.372Z"}
{"ip":"::1","level":"warn","message":"Bot request blocked","path":"/health","service":"acquisitions-api","timestamp":"2026-03-01T17:34:41.023Z","userAgent":"PostmanRuntime/7.51.1"}
{"level":"info","message":"::1 - - [01/Mar/2026:17:34:41 +0000] \"GET /health HTTP/1.1\" 200 68 \"-\" \"PostmanRuntime/7.51.1\"","service":"acquisitions-api","timestamp":"2026-03-01T17:34:41.025Z"}
{"ip":"::1","level":"warn","message":"Bot request blocked","path":"/health","service":"acquisitions-api","timestamp":"2026-03-01T17:34:42.064Z","userAgent":"PostmanRuntime/7.51.1"}
{"level":"info","message":"::1 - - [01/Mar/2026:17:34:42 +0000] \"GET /health HTTP/1.1\" 200 68 \"-\" \"PostmanRuntime/7.51.1\"","service":"acquisitions-api","timestamp":"2026-03-01T17:34:42.065Z"}
{"level":"info","message":"::1 - - [01/Mar/2026:17:36:52 +0000] \"GET /health HTTP/1.1\" 200 77 \"-\" \"HTTPie\"","service":"acquisitions-api","timestamp":"2026-03-01T17:36:52.042Z"}
{"level":"info","message":"::1 - - [01/Mar/2026:17:36:54 +0000] \"GET /health HTTP/1.1\" 200 77 \"-\" \"HTTPie\"","service":"acquisitions-api","timestamp":"2026-03-01T17:36:54.568Z"}
{"level":"info","message":"::1 - - [01/Mar/2026:17:36:54 +0000] \"GET /health HTTP/1.1\" 200 77 \"-\" \"HTTPie\"","service":"acquisitions-api","timestamp":"2026-03-01T17:36:54.763Z"}
{"level":"info","message":"::1 - - [01/Mar/2026:17:36:54 +0000] \"GET /health HTTP/1.1\" 200 73 \"-\" \"HTTPie\"","service":"acquisitions-api","timestamp":"2026-03-01T17:36:54.987Z"}
{"level":"info","message":"::1 - - [01/Mar/2026:17:36:55 +0000] \"GET /health HTTP/1.1\" 200 77 \"-\" \"HTTPie\"","service":"acquisitions-api","timestamp":"2026-03-01T17:36:55.346Z"}
{"ip":"::1","level":"warn","message":"Rate limit exceeded for role: guest","path":"/health","service":"acquisitions-api","timestamp":"2026-03-01T17:36:55.590Z","userAgent":"HTTPie"}
{"level":"info","message":"::1 - - [01/Mar/2026:17:36:55 +0000] \"GET /health HTTP/1.1\" 200 61 \"-\" \"HTTPie\"","service":"acquisitions-api","timestamp":"2026-03-01T17:36:55.594Z"}
{"ip":"::1","level":"warn","message":"Rate limit exceeded for role: guest","path":"/health","service":"acquisitions-api","timestamp":"2026-03-01T17:36:55.889Z","userAgent":"HTTPie"}
{"level":"info","message":"::1 - - [01/Mar/2026:17:36:55 +0000] \"GET /health HTTP/1.1\" 200 61 \"-\" \"HTTPie\"","service":"acquisitions-api","timestamp":"2026-03-01T17:36:55.890Z"}
{"ip":"::1","level":"warn","message":"Rate limit exceeded for role: guest","path":"/health","service":"acquisitions-api","timestamp":"2026-03-01T17:36:56.843Z","userAgent":"HTTPie"}
{"level":"info","message":"::1 - - [01/Mar/2026:17:36:56 +0000] \"GET /health HTTP/1.1\" 200 61 \"-\" \"HTTPie\"","service":"acquisitions-api","timestamp":"2026-03-01T17:36:56.844Z"}
{"ip":"::1","level":"warn","message":"Rate limit exceeded for role: guest","path":"/health","service":"acquisitions-api","timestamp":"2026-03-01T17:36:57.556Z","userAgent":"HTTPie"}
{"level":"info","message":"::1 - - [01/Mar/2026:17:36:57 +0000] \"GET /health HTTP/1.1\" 200 61 \"-\" \"HTTPie\"","service":"acquisitions-api","timestamp":"2026-03-01T17:36:57.558Z"}
